===== Creating new session
=====     Server:   http://localhost:8000
=====     Username: admin
===== Connecting to the server...
===== Signing in...
===== Succeeded
===== Continuing previous session
=====     Server:   http://localhost:8000
=====     Username: admin
===== Upload progress: 90.55%
===== Upload progress: 100%
===== Publishing 'Superstore Data.tdsx' to the server. This could take several minutes...
===== File successfully published to the server at the following location:
===== http://localhost:8000/datasources/SuperstoreData
===== Continuing previous session
=====     Server:   http://localhost:8000
=====     Username: admin
===== Publishing 'tc_viz.twbx' to the server. This could take several minutes...
===== File successfully published to the server at the following location:
===== http://localhost:8000/workbooks/tc_viz
===== Continuing previous session
=====     Server:   http://localhost:8000
=====     Username: admin
===== Publishing 'RedirectPage.twbx' to the server. This could take several minutes...
===== redirecting to http://localhost:8000/auth
===== Signed out
